Flow report for VGA
Tue Sep 30 12:07:17 2025
Quartus Prime Version 20.1.0 Build 711 06/05/2020 SJ Lite Edition


---------------------
; Table of Contents ;
---------------------
  1. Legal Notice
  2. Flow Summary
  3. Flow Settings
  4. Flow Non-Default Global Settings
  5. Flow Elapsed Time
  6. Flow OS Summary
  7. Flow Log
  8. Flow Messages
  9. Flow Suppressed Messages



----------------
; Legal Notice ;
----------------
Copyright (C) 2020  Intel Corporation. All rights reserved.
Your use of Intel Corporation's design tools, logic functions 
and other software and tools, and any partner logic 
functions, and any output files from any of the foregoing 
(including device programming or simulation files), and any 
associated documentation or information are expressly subject 
to the terms and conditions of the Intel Program License 
Subscription Agreement, the Intel Quartus Prime License Agreement,
the Intel FPGA IP License Agreement, or other applicable license
agreement, including, without limitation, that your use is for
the sole purpose of programming logic devices manufactured by
Intel and sold by Intel or its authorized distributors.  Please
refer to the applicable agreement for further details, at
https://fpgasoftware.intel.com/eula.



+-------------------------------------------------------------------------------+
; Flow Summary                                                                  ;
+---------------------------------+---------------------------------------------+
; Flow Status                     ; Successful - Tue Sep 30 12:07:03 2025       ;
; Quartus Prime Version           ; 20.1.0 Build 711 06/05/2020 SJ Lite Edition ;
; Revision Name                   ; VGA                                         ;
; Top-level Entity Name           ; top_level                                   ;
; Family                          ; Cyclone V                                   ;
; Device                          ; 5CSEMA5F31C6                                ;
; Timing Models                   ; Final                                       ;
; Logic utilization (in ALMs)     ; 189 / 32,070 ( < 1 % )                      ;
; Total registers                 ; 141                                         ;
; Total pins                      ; 40 / 457 ( 9 % )                            ;
; Total virtual pins              ; 0                                           ;
; Total block memory bits         ; 2,764,800 / 4,065,280 ( 68 % )              ;
; Total DSP Blocks                ; 0 / 87 ( 0 % )                              ;
; Total HSSI RX PCSs              ; 0                                           ;
; Total HSSI PMA RX Deserializers ; 0                                           ;
; Total HSSI TX PCSs              ; 0                                           ;
; Total HSSI PMA TX Serializers   ; 0                                           ;
; Total PLLs                      ; 1 / 6 ( 17 % )                              ;
; Total DLLs                      ; 0 / 4 ( 0 % )                               ;
+---------------------------------+---------------------------------------------+


+-----------------------------------------+
; Flow Settings                           ;
+-------------------+---------------------+
; Option            ; Setting             ;
+-------------------+---------------------+
; Start date & time ; 09/30/2025 12:03:40 ;
; Main task         ; Compilation         ;
; Revision Name     ; VGA                 ;
+-------------------+---------------------+


+----------------------------------------------------------------------------------------------------------------------------------------+
; Flow Non-Default Global Settings                                                                                                       ;
+-------------------------------------+-------------------------------------------------------+---------------+-------------+------------+
; Assignment Name                     ; Value                                                 ; Default Value ; Entity Name ; Section Id ;
+-------------------------------------+-------------------------------------------------------+---------------+-------------+------------+
; COMPILER_SIGNATURE_ID               ; 48599037898884.175919782023312                        ; --            ; --          ; --         ;
; MAX_CORE_JUNCTION_TEMP              ; 85                                                    ; --            ; --          ; --         ;
; MIN_CORE_JUNCTION_TEMP              ; 0                                                     ; --            ; --          ; --         ;
; MISC_FILE                           ; vga/synthesis/../vga.cmp                              ; --            ; --          ; --         ;
; MISC_FILE                           ; vga/synthesis/../../vga.qsys                          ; --            ; --          ; --         ;
; PARTITION_COLOR                     ; -- (Not supported for targeted family)                ; --            ; top_level   ; Top        ;
; PARTITION_FITTER_PRESERVATION_LEVEL ; -- (Not supported for targeted family)                ; --            ; top_level   ; Top        ;
; PARTITION_NETLIST_TYPE              ; -- (Not supported for targeted family)                ; --            ; top_level   ; Top        ;
; POWER_BOARD_THERMAL_MODEL           ; None (CONSERVATIVE)                                   ; --            ; --          ; --         ;
; POWER_PRESET_COOLING_SOLUTION       ; 23 MM HEAT SINK WITH 200 LFPM AIRFLOW                 ; --            ; --          ; --         ;
; PROJECT_OUTPUT_DIRECTORY            ; output_files                                          ; --            ; --          ; --         ;
; SLD_FILE                            ; vga/synthesis/vga.debuginfo                           ; --            ; --          ; --         ;
; SLD_INFO                            ; QSYS_NAME vga HAS_SOPCINFO 1 GENERATION_ID 1759197791 ; --            ; vga         ; --         ;
; SOPCINFO_FILE                       ; vga/synthesis/../../vga.sopcinfo                      ; --            ; --          ; --         ;
; SYNTHESIS_ONLY_QIP                  ; On                                                    ; --            ; --          ; --         ;
; TOP_LEVEL_ENTITY                    ; top_level                                             ; VGA           ; --          ; --         ;
+-------------------------------------+-------------------------------------------------------+---------------+-------------+------------+


+--------------------------------------------------------------------------------------------------------------------------+
; Flow Elapsed Time                                                                                                        ;
+----------------------+--------------+-------------------------+---------------------+------------------------------------+
; Module Name          ; Elapsed Time ; Average Processors Used ; Peak Virtual Memory ; Total CPU Time (on all processors) ;
+----------------------+--------------+-------------------------+---------------------+------------------------------------+
; Analysis & Synthesis ; 00:00:15     ; 1.0                     ; 5245 MB             ; 00:00:24                           ;
; Fitter               ; 00:02:50     ; 1.1                     ; 7335 MB             ; 00:17:15                           ;
; Assembler            ; 00:00:07     ; 1.0                     ; 4894 MB             ; 00:00:07                           ;
; Timing Analyzer      ; 00:00:12     ; 2.2                     ; 5329 MB             ; 00:00:16                           ;
; Total                ; 00:03:24     ; --                      ; --                  ; 00:18:02                           ;
+----------------------+--------------+-------------------------+---------------------+------------------------------------+


+------------------------------------------------------------------------------------+
; Flow OS Summary                                                                    ;
+----------------------+------------------+------------+------------+----------------+
; Module Name          ; Machine Hostname ; OS Name    ; OS Version ; Processor type ;
+----------------------+------------------+------------+------------+----------------+
; Analysis & Synthesis ; INTEL_NUC        ; Windows 10 ; 10.0       ; x86_64         ;
; Fitter               ; INTEL_NUC        ; Windows 10 ; 10.0       ; x86_64         ;
; Assembler            ; INTEL_NUC        ; Windows 10 ; 10.0       ; x86_64         ;
; Timing Analyzer      ; INTEL_NUC        ; Windows 10 ; 10.0       ; x86_64         ;
+----------------------+------------------+------------+------------+----------------+


------------
; Flow Log ;
------------
quartus_map --read_settings_files=on --write_settings_files=off VGA -c VGA
quartus_fit --read_settings_files=off --write_settings_files=off VGA -c VGA
quartus_asm --read_settings_files=off --write_settings_files=off VGA -c VGA
quartus_sta VGA -c VGA



