Info: Starting: Create block symbol file (.bsf)
Info: qsys-generate "C:\Documents (Local only)\Intel NUC\Documents\USYD\MTRX3700\Sounds-Dreadful\Video_modules\VGA_Face_DE1_V2\vga.qsys" --block-symbol-file --output-directory="C:\Documents (Local only)\Intel NUC\Documents\USYD\MTRX3700\Sounds-Dreadful\Video_modules\VGA_Face_DE1_V2\vga" --family="Cyclone V" --part=5CSEMA5F31C6
Progress: Loading VGA_Face_DE1_V2/vga.qsys
Progress: Reading input file
Progress: Adding clk_0 [clock_source 20.1]
Progress: Parameterizing module clk_0
Progress: Adding vga_face_0 [vga_face 1.0]
Progress: Parameterizing module vga_face_0
Progress: Adding video_pll_0 [altera_up_avalon_video_pll 18.0]
Progress: Parameterizing module video_pll_0
Progress: Adding video_rgb_resampler_0 [altera_up_avalon_video_rgb_resampler 18.0]
Progress: Parameterizing module video_rgb_resampler_0
Progress: Adding video_rgb_resampler_1 [altera_up_avalon_video_rgb_resampler 18.0]
Progress: Parameterizing module video_rgb_resampler_1
Progress: Adding video_vga_controller_0 [altera_up_avalon_video_vga_controller 18.0]
Progress: Parameterizing module video_vga_controller_0
Progress: Building connections
Progress: Parameterizing connections
Progress: Validating
Progress: Done reading input file
Info: vga.video_vga_controller_0: Video Output Stream: Format: 640 x 480 with Color: 10 (bits) x 3 (planes) converted to 8 (bits) per color plane
Info: qsys-generate succeeded.
Info: Finished: Create block symbol file (.bsf)
Info: 
Info: Starting: Create HDL design files for synthesis
Info: qsys-generate "C:\Documents (Local only)\Intel NUC\Documents\USYD\MTRX3700\Sounds-Dreadful\Video_modules\VGA_Face_DE1_V2\vga.qsys" --synthesis=VERILOG --output-directory="C:\Documents (Local only)\Intel NUC\Documents\USYD\MTRX3700\Sounds-Dreadful\Video_modules\VGA_Face_DE1_V2\vga\synthesis" --family="Cyclone V" --part=5CSEMA5F31C6
Progress: Loading VGA_Face_DE1_V2/vga.qsys
Progress: Reading input file
Progress: Adding clk_0 [clock_source 20.1]
Progress: Parameterizing module clk_0
Progress: Adding vga_face_0 [vga_face 1.0]
Progress: Parameterizing module vga_face_0
Progress: Adding video_pll_0 [altera_up_avalon_video_pll 18.0]
Progress: Parameterizing module video_pll_0
Progress: Adding video_rgb_resampler_0 [altera_up_avalon_video_rgb_resampler 18.0]
Progress: Parameterizing module video_rgb_resampler_0
Progress: Adding video_rgb_resampler_1 [altera_up_avalon_video_rgb_resampler 18.0]
Progress: Parameterizing module video_rgb_resampler_1
Progress: Adding video_vga_controller_0 [altera_up_avalon_video_vga_controller 18.0]
Progress: Parameterizing module video_vga_controller_0
Progress: Building connections
Progress: Parameterizing connections
Progress: Validating
Progress: Done reading input file
Info: vga.video_vga_controller_0: Video Output Stream: Format: 640 x 480 with Color: 10 (bits) x 3 (planes) converted to 8 (bits) per color plane
Info: vga: Generating vga "vga" for QUARTUS_SYNTH
Info: vga_face_0: "vga" instantiated vga_face "vga_face_0"
Info: video_pll_0: "vga" instantiated altera_up_avalon_video_pll "video_pll_0"
Info: video_vga_controller_0: Starting Generation of VGA Controller
Info: video_vga_controller_0: "vga" instantiated altera_up_avalon_video_vga_controller "video_vga_controller_0"
Info: rst_controller: "vga" instantiated altera_reset_controller "rst_controller"
Info: video_pll: "video_pll_0" instantiated altera_pll "video_pll"
Info: reset_from_locked: "video_pll_0" instantiated altera_up_avalon_reset_from_locked_signal "reset_from_locked"
Info: vga: Done "vga" with 7 modules, 11 files
Info: qsys-generate succeeded.
Info: Finished: Create HDL design files for synthesis
