Info: Starting: Create simulation model
Info: qsys-generate C:\Users\roryl\tron3a2\Sounds-Dreadful\Video_modules\VGA_Face_DE1_V2\vga.qsys --simulation=VERILOG --allow-mixed-language-simulation --output-directory=C:\Users\roryl\tron3a2\Sounds-Dreadful\Video_modules\VGA_Face_DE1_V2\vga\simulation --family="Cyclone V" --part=5CSEMA5F31C6
Progress: Loading VGA_Face_DE1_V2/vga.qsys
Progress: Reading input file
Progress: Adding clk_0 [clock_source 20.1]
Progress: Parameterizing module clk_0
Progress: Adding vga_face_0 [vga_face 1.0]
Progress: Parameterizing module vga_face_0
Progress: Adding video_pll_0 [altera_up_avalon_video_pll 18.0]
Progress: Parameterizing module video_pll_0
Progress: Adding video_rgb_resampler_0 [altera_up_avalon_video_rgb_resampler 18.0]
Progress: Parameterizing module video_rgb_resampler_0
Progress: Adding video_rgb_resampler_1 [altera_up_avalon_video_rgb_resampler 18.0]
Progress: Parameterizing module video_rgb_resampler_1
Progress: Adding video_vga_controller_0 [altera_up_avalon_video_vga_controller 18.0]
Progress: Parameterizing module video_vga_controller_0
Progress: Building connections
Progress: Parameterizing connections
Progress: Validating
Progress: Done reading input file
Info: vga.video_rgb_resampler_0: RGB Resampling: 10 (bits) x 3 (planes) -> 8 (bits) x 1 (planes)
Info: vga.video_rgb_resampler_1: RGB Resampling: 8 (bits) x 1 (planes) -> 10 (bits) x 3 (planes)
Info: vga.video_vga_controller_0: Video Output Stream: Format: 640 x 480 with Color: 10 (bits) x 3 (planes) converted to 8 (bits) per color plane
Warning: vga.video_rgb_resampler_0.avalon_rgb_sink: video_rgb_resampler_0.avalon_rgb_sink must be connected to an Avalon-ST source
Warning: vga.video_rgb_resampler_0.avalon_rgb_source: video_rgb_resampler_0.avalon_rgb_source must be connected to an Avalon-ST sink
Warning: vga.video_rgb_resampler_1.avalon_rgb_sink: video_rgb_resampler_1.avalon_rgb_sink must be connected to an Avalon-ST source
Warning: vga.video_rgb_resampler_1.avalon_rgb_source: video_rgb_resampler_1.avalon_rgb_source must be connected to an Avalon-ST sink
Warning: vga.video_rgb_resampler_0: video_rgb_resampler_0.avalon_rgb_slave must be connected to an Avalon-MM master
Warning: vga.video_rgb_resampler_1: video_rgb_resampler_1.avalon_rgb_slave must be connected to an Avalon-MM master
Info: vga: Generating vga "vga" for SIM_VERILOG
Info: vga_face_0: "vga" instantiated vga_face "vga_face_0"
Info: video_pll_0: "vga" instantiated altera_up_avalon_video_pll "video_pll_0"
Info: video_rgb_resampler_0: Starting Generation of Video RGB Resampler
Info: video_rgb_resampler_0: "vga" instantiated altera_up_avalon_video_rgb_resampler "video_rgb_resampler_0"
Info: video_rgb_resampler_1: Starting Generation of Video RGB Resampler
Info: video_rgb_resampler_1: "vga" instantiated altera_up_avalon_video_rgb_resampler "video_rgb_resampler_1"
Info: video_vga_controller_0: Starting Generation of VGA Controller
Info: video_vga_controller_0: "vga" instantiated altera_up_avalon_video_vga_controller "video_vga_controller_0"
Info: rst_controller: "vga" instantiated altera_reset_controller "rst_controller"
Info: video_pll: Generating simgen model
Info: video_pll: Info: ******************************************************************* Info: Running Quartus Prime Shell     Info: Version 20.1.0 Build 711 06/05/2020 SJ Lite Edition     Info: Copyright (C) 2020  Intel Corporation. All rights reserved.     Info: Your use of Intel Corporation's design tools, logic functions      Info: and other software and tools, and any partner logic      Info: functions, and any output files from any of the foregoing      Info: (including device programming or simulation files), and any      Info: associated documentation or information are expressly subject      Info: to the terms and conditions of the Intel Program License      Info: Subscription Agreement, the Intel Quartus Prime License Agreement,     Info: the Intel FPGA IP License Agreement, or other applicable license     Info: agreement, including, without limitation, that your use is for     Info: the sole purpose of programming logic devices manufactured by     Info: Intel and sold by Intel or its authorized distributors.  Please     Info: refer to the applicable agreement for further details, at     Info: https://fpgasoftware.intel.com/eula.     Info: Processing started: Tue Oct 07 18:41:29 2025 Info: Command: quartus_sh -t run_simgen_cmd.tcl Info: ******************************************************************* Info: Running Quartus Prime Analysis & Synthesis     Info: Version 20.1.0 Build 711 06/05/2020 SJ Lite Edition     Info: Copyright (C) 2020  Intel Corporation. All rights reserved.     Info: Your use of Intel Corporation's design tools, logic functions      Info: and other software and tools, and any partner logic      Info: functions, and any output files from any of the foregoing      Info: (including device programming or simulation files), and any      Info: associated documentation or information are expressly subject      Info: to the terms and conditions of the Intel Program License      Info: Subscription Agreement, the Intel Quartus Prime License Agreement,     Info: the Intel FPGA IP License Agreement, or other applicable license     Info: agreement, including, without limitation, that your use is for     Info: the sole purpose of programming logic devices manufactured by     Info: Intel and sold by Intel or its authorized distributors.  Please     Info: refer to the applicable agreement for further details, at     Info: https://fpgasoftware.intel.com/eula.     Info: Processing started: Tue Oct 07 18:41:29 2025 Info: Command: quartus_map vga_video_pll_0_video_pll.qpf --simgen --ini=disable_check_quartus_compatibility_qsys_only=on --simgen_parameter=CBX_HDL_LANGUAGE=VERILOG Info (20034): Auto device selection is not supported for Cyclone V device family. The default device, 5CGXFC7C7F23C8, is set. Warning (18236): Number of processors has not been specified which may cause overloading on shared machines.  Set the global assignment NUM_PARALLEL_PROCESSORS in your QSF to an appropriate value for best performance. Info (20030): Parallel compilation is enabled and will use 14 of the 14 processors detected Info (12021): Found 1 design units, including 1 entities, in source file vga_video_pll_0_video_pll.v     Info (12023): Found entity 1: vga_video_pll_0_video_pll File: C:/Users/roryl/AppData/Local/Temp/alt0368_6601902845042545287.dir/0007_video_pll_gen/vga_video_pll_0_video_pll.v Line: 2 Info (12127): Elaborating entity "vga_video_pll_0_video_pll" for the top level hierarchy Info (12128): Elaborating entity "altera_pll" for hierarchy "altera_pll:altera_pll_i" File: C:/Users/roryl/AppData/Local/Temp/alt0368_6601902845042545287.dir/0007_video_pll_gen/vga_video_pll_0_video_pll.v Line: 91 Info (10008): Verilog HDL or VHDL information: EDA Netlist Writer cannot regroup multidimensional array "wire_to_nowhere_64" into its bus Info (12130): Elaborated megafunction instantiation "altera_pll:altera_pll_i" File: C:/Users/roryl/AppData/Local/Temp/alt0368_6601902845042545287.dir/0007_video_pll_gen/vga_video_pll_0_video_pll.v Line: 91 Info (12133): Instantiated megafunction "altera_pll:altera_pll_i" with the following parameter: File: C:/Users/roryl/AppData/Local/Temp/alt0368_6601902845042545287.dir/0007_video_pll_gen/vga_video_pll_0_video_pll.v Line: 91     Info (12134): Parameter "fractional_vco_multiplier" = "false"     Info (12134): Parameter "reference_clock_frequency" = "50.0 MHz"     Info (12134): Parameter "operation_mode" = "direct"     Info (12134): Parameter "number_of_clocks" = "3"     Info (12134): Parameter "output_clock_frequency0" = "25.000000 MHz"     Info (12134): Parameter "phase_shift0" = "0 ps"     Info (12134): Parameter "duty_cycle0" = "50"     Info (12134): Parameter "output_clock_frequency1" = "25.000000 MHz"     Info (12134): Parameter "phase_shift1" = "0 ps"     Info (12134): Parameter "duty_cycle1" = "50"     Info (12134): Parameter "output_clock_frequency2" = "33.000000 MHz"     Info (12134): Parameter "phase_shift2" = "0 ps"     Info (12134): Parameter "duty_cycle2" = "50"     Info (12134): Parameter "output_clock_frequency3" = "0 MHz"     Info (12134): Parameter "phase_shift3" = "0 ps"     Info (12134): Parameter "duty_cycle3" = "50"     Info (12134): Parameter "output_clock_frequency4" = "0 MHz"     Info (12134): Parameter "phase_shift4" = "0 ps"     Info (12134): Parameter "duty_cycle4" = "50"     Info (12134): Parameter "output_clock_frequency5" = "0 MHz"     Info (12134): Parameter "phase_shift5" = "0 ps"     Info (12134): Parameter "duty_cycle5" = "50"     Info (12134): Parameter "output_clock_frequency6" = "0 MHz"     Info (12134): Parameter "phase_shift6" = "0 ps"     Info (12134): Parameter "duty_cycle6" = "50"     Info (12134): Parameter "output_clock_frequency7" = "0 MHz"     Info (12134): Parameter "phase_shift7" = "0 ps"     Info (12134): Parameter "duty_cycle7" = "50"     Info (12134): Parameter "output_clock_frequency8" = "0 MHz"     Info (12134): Parameter "phase_shift8" = "0 ps"     Info (12134): Parameter "duty_cycle8" = "50"     Info (12134): Parameter "output_clock_frequency9" = "0 MHz"     Info (12134): Parameter "phase_shift9" = "0 ps"     Info (12134): Parameter "duty_cycle9" = "50"     Info (12134): Parameter "output_clock_frequency10" = "0 MHz"     Info (12134): Parameter "phase_shift10" = "0 ps"     Info (12134): Parameter "duty_cycle10" = "50"     Info (12134): Parameter "output_clock_frequency11" = "0 MHz"     Info (12134): Parameter "phase_shift11" = "0 ps"     Info (12134): Parameter "duty_cycle11" = "50"     Info (12134): Parameter "output_clock_frequency12" = "0 MHz"     Info (12134): Parameter "phase_shift12" = "0 ps"     Info (12134): Parameter "duty_cycle12" = "50"     Info (12134): Parameter "output_clock_frequency13" = "0 MHz"     Info (12134): Parameter "phase_shift13" = "0 ps"     Info (12134): Parameter "duty_cycle13" = "50"     Info (12134): Parameter "output_clock_frequency14" = "0 MHz"     Info (12134): Parameter "phase_shift14" = "0 ps"     Info (12134): Parameter "duty_cycle14" = "50"     Info (12134): Parameter "output_clock_frequency15" = "0 MHz"     Info (12134): Parameter "phase_shift15" = "0 ps"     Info (12134): Parameter "duty_cycle15" = "50"     Info (12134): Parameter "output_clock_frequency16" = "0 MHz"     Info (12134): Parameter "phase_shift16" = "0 ps"     Info (12134): Parameter "duty_cycle16" = "50"     Info (12134): Parameter "output_clock_frequency17" = "0 MHz"     Info (12134): Parameter "phase_shift17" = "0 ps"     Info (12134): Parameter "duty_cycle17" = "50"     Info (12134): Parameter "pll_type" = "General"     Info (12134): Parameter "pll_subtype" = "General" Info (281010): Generating sgate simulator netlist using Simgen SIMGEN_PROGRESS Start of Model generation -- 0% complete SIMGEN_PROGRESS Phase 1 : Internal Objects created -- 25% complete SIMGEN_PROGRESS Phase 2 : Connections between internal objects made -- 60% complete SIMGEN_PROGRESS Phase 3 : Netlist generated -- 100% complete Info: Quartus Prime Analysis & Synthesis was successful. 0 errors, 1 warning     Info: Peak virtual memory: 4785 megabytes     Info: Processing ended: Tue Oct 07 18:41:37 2025     Info: Elapsed time: 00:00:08     Info: Total CPU time (on all processors): 00:00:02 Info (23030): Evaluation of Tcl script run_simgen_cmd.tcl was successful Info: Quartus Prime Shell was successful. 0 errors, 0 warnings     Info: Peak virtual memory: 4662 megabytes     Info: Processing ended: Tue Oct 07 18:41:37 2025     Info: Elapsed time: 00:00:08     Info: Total CPU time (on all processors): 00:00:02
Info: video_pll: Simgen was successful
Info: video_pll: "video_pll_0" instantiated altera_pll "video_pll"
Info: reset_from_locked: "video_pll_0" instantiated altera_up_avalon_reset_from_locked_signal "reset_from_locked"
Info: vga: Done "vga" with 9 modules, 12 files
Info: qsys-generate succeeded.
Info: Finished: Create simulation model
Info: Starting: Create Modelsim Project.
Info: sim-script-gen --spd=C:\Users\roryl\tron3a2\Sounds-Dreadful\Video_modules\VGA_Face_DE1_V2\vga\vga.spd --output-directory=C:/Users/roryl/tron3a2/Sounds-Dreadful/Video_modules/VGA_Face_DE1_V2/vga/simulation/ --use-relative-paths=true
Info: Doing: ip-make-simscript --spd=C:\Users\roryl\tron3a2\Sounds-Dreadful\Video_modules\VGA_Face_DE1_V2\vga\vga.spd --output-directory=C:/Users/roryl/tron3a2/Sounds-Dreadful/Video_modules/VGA_Face_DE1_V2/vga/simulation/ --use-relative-paths=true
Info: Generating the following file(s) for MODELSIM simulator in C:/Users/roryl/tron3a2/Sounds-Dreadful/Video_modules/VGA_Face_DE1_V2/vga/simulation/ directory:
Info: 	mentor/msim_setup.tcl
Info: Generating the following file(s) for VCS simulator in C:/Users/roryl/tron3a2/Sounds-Dreadful/Video_modules/VGA_Face_DE1_V2/vga/simulation/ directory:
Info: 	synopsys/vcs/vcs_setup.sh
Info: Generating the following file(s) for VCSMX simulator in C:/Users/roryl/tron3a2/Sounds-Dreadful/Video_modules/VGA_Face_DE1_V2/vga/simulation/ directory:
Info: 	synopsys/vcsmx/synopsys_sim.setup
Info: 	synopsys/vcsmx/vcsmx_setup.sh
Info: Generating the following file(s) for NCSIM simulator in C:/Users/roryl/tron3a2/Sounds-Dreadful/Video_modules/VGA_Face_DE1_V2/vga/simulation/ directory:
Info: 	cadence/cds.lib
Info: 	cadence/hdl.var
Info: 	cadence/ncsim_setup.sh
Info: 	8 .cds.lib files in cadence/cds_libs/ directory
Info: Generating the following file(s) for RIVIERA simulator in C:/Users/roryl/tron3a2/Sounds-Dreadful/Video_modules/VGA_Face_DE1_V2/vga/simulation/ directory:
Info: 	aldec/rivierapro_setup.tcl
Info: For information on how to simulate your IP, see the explanatory comments in the simulator-specific subdirectories under C:/Users/roryl/tron3a2/Sounds-Dreadful/Video_modules/VGA_Face_DE1_V2/vga/simulation/.
Info: Regenerate these scripts whenever you make any change to any Quartus-generated IP in your project.
Info: Finished: Create Modelsim Project.
Info: Starting: Create block symbol file (.bsf)
Info: qsys-generate C:\Users\roryl\tron3a2\Sounds-Dreadful\Video_modules\VGA_Face_DE1_V2\vga.qsys --block-symbol-file --output-directory=C:\Users\roryl\tron3a2\Sounds-Dreadful\Video_modules\VGA_Face_DE1_V2\vga --family="Cyclone V" --part=5CSEMA5F31C6
Progress: Loading VGA_Face_DE1_V2/vga.qsys
Progress: Reading input file
Progress: Adding clk_0 [clock_source 20.1]
Progress: Parameterizing module clk_0
Progress: Adding vga_face_0 [vga_face 1.0]
Progress: Parameterizing module vga_face_0
Progress: Adding video_pll_0 [altera_up_avalon_video_pll 18.0]
Progress: Parameterizing module video_pll_0
Progress: Adding video_rgb_resampler_0 [altera_up_avalon_video_rgb_resampler 18.0]
Progress: Parameterizing module video_rgb_resampler_0
Progress: Adding video_rgb_resampler_1 [altera_up_avalon_video_rgb_resampler 18.0]
Progress: Parameterizing module video_rgb_resampler_1
Progress: Adding video_vga_controller_0 [altera_up_avalon_video_vga_controller 18.0]
Progress: Parameterizing module video_vga_controller_0
Progress: Building connections
Progress: Parameterizing connections
Progress: Validating
Progress: Done reading input file
Info: vga.video_rgb_resampler_0: RGB Resampling: 10 (bits) x 3 (planes) -> 8 (bits) x 1 (planes)
Info: vga.video_rgb_resampler_1: RGB Resampling: 8 (bits) x 1 (planes) -> 10 (bits) x 3 (planes)
Info: vga.video_vga_controller_0: Video Output Stream: Format: 640 x 480 with Color: 10 (bits) x 3 (planes) converted to 8 (bits) per color plane
Warning: vga.video_rgb_resampler_0.avalon_rgb_sink: video_rgb_resampler_0.avalon_rgb_sink must be connected to an Avalon-ST source
Warning: vga.video_rgb_resampler_0.avalon_rgb_source: video_rgb_resampler_0.avalon_rgb_source must be connected to an Avalon-ST sink
Warning: vga.video_rgb_resampler_1.avalon_rgb_sink: video_rgb_resampler_1.avalon_rgb_sink must be connected to an Avalon-ST source
Warning: vga.video_rgb_resampler_1.avalon_rgb_source: video_rgb_resampler_1.avalon_rgb_source must be connected to an Avalon-ST sink
Warning: vga.video_rgb_resampler_0: video_rgb_resampler_0.avalon_rgb_slave must be connected to an Avalon-MM master
Warning: vga.video_rgb_resampler_1: video_rgb_resampler_1.avalon_rgb_slave must be connected to an Avalon-MM master
Info: qsys-generate succeeded.
Info: Finished: Create block symbol file (.bsf)
Info: 
Info: Starting: Create HDL design files for synthesis
Info: qsys-generate C:\Users\roryl\tron3a2\Sounds-Dreadful\Video_modules\VGA_Face_DE1_V2\vga.qsys --synthesis=VERILOG --output-directory=C:\Users\roryl\tron3a2\Sounds-Dreadful\Video_modules\VGA_Face_DE1_V2\vga\synthesis --family="Cyclone V" --part=5CSEMA5F31C6
Progress: Loading VGA_Face_DE1_V2/vga.qsys
Progress: Reading input file
Progress: Adding clk_0 [clock_source 20.1]
Progress: Parameterizing module clk_0
Progress: Adding vga_face_0 [vga_face 1.0]
Progress: Parameterizing module vga_face_0
Progress: Adding video_pll_0 [altera_up_avalon_video_pll 18.0]
Progress: Parameterizing module video_pll_0
Progress: Adding video_rgb_resampler_0 [altera_up_avalon_video_rgb_resampler 18.0]
Progress: Parameterizing module video_rgb_resampler_0
Progress: Adding video_rgb_resampler_1 [altera_up_avalon_video_rgb_resampler 18.0]
Progress: Parameterizing module video_rgb_resampler_1
Progress: Adding video_vga_controller_0 [altera_up_avalon_video_vga_controller 18.0]
Progress: Parameterizing module video_vga_controller_0
Progress: Building connections
Progress: Parameterizing connections
Progress: Validating
Progress: Done reading input file
Info: vga.video_rgb_resampler_0: RGB Resampling: 10 (bits) x 3 (planes) -> 8 (bits) x 1 (planes)
Info: vga.video_rgb_resampler_1: RGB Resampling: 8 (bits) x 1 (planes) -> 10 (bits) x 3 (planes)
Info: vga.video_vga_controller_0: Video Output Stream: Format: 640 x 480 with Color: 10 (bits) x 3 (planes) converted to 8 (bits) per color plane
Warning: vga.video_rgb_resampler_0.avalon_rgb_sink: video_rgb_resampler_0.avalon_rgb_sink must be connected to an Avalon-ST source
Warning: vga.video_rgb_resampler_0.avalon_rgb_source: video_rgb_resampler_0.avalon_rgb_source must be connected to an Avalon-ST sink
Warning: vga.video_rgb_resampler_1.avalon_rgb_sink: video_rgb_resampler_1.avalon_rgb_sink must be connected to an Avalon-ST source
Warning: vga.video_rgb_resampler_1.avalon_rgb_source: video_rgb_resampler_1.avalon_rgb_source must be connected to an Avalon-ST sink
Warning: vga.video_rgb_resampler_0: video_rgb_resampler_0.avalon_rgb_slave must be connected to an Avalon-MM master
Warning: vga.video_rgb_resampler_1: video_rgb_resampler_1.avalon_rgb_slave must be connected to an Avalon-MM master
Info: vga: Generating vga "vga" for QUARTUS_SYNTH
Info: vga_face_0: "vga" instantiated vga_face "vga_face_0"
Info: video_pll_0: "vga" instantiated altera_up_avalon_video_pll "video_pll_0"
Info: video_rgb_resampler_0: Starting Generation of Video RGB Resampler
Info: video_rgb_resampler_0: "vga" instantiated altera_up_avalon_video_rgb_resampler "video_rgb_resampler_0"
Info: video_rgb_resampler_1: Starting Generation of Video RGB Resampler
Info: video_rgb_resampler_1: "vga" instantiated altera_up_avalon_video_rgb_resampler "video_rgb_resampler_1"
Info: video_vga_controller_0: Starting Generation of VGA Controller
Info: video_vga_controller_0: "vga" instantiated altera_up_avalon_video_vga_controller "video_vga_controller_0"
Info: rst_controller: "vga" instantiated altera_reset_controller "rst_controller"
Info: video_pll: "video_pll_0" instantiated altera_pll "video_pll"
Info: reset_from_locked: "video_pll_0" instantiated altera_up_avalon_reset_from_locked_signal "reset_from_locked"
Info: vga: Done "vga" with 9 modules, 13 files
Info: qsys-generate succeeded.
Info: Finished: Create HDL design files for synthesis
