Flow report for VGA
Thu Oct 09 12:55:15 2025
Quartus Prime Version 20.1.0 Build 711 06/05/2020 SJ Lite Edition


---------------------
; Table of Contents ;
---------------------
  1. Legal Notice
  2. Flow Summary
  3. Flow Settings
  4. Flow Non-Default Global Settings
  5. Flow Elapsed Time
  6. Flow OS Summary
  7. Flow Log
  8. Flow Messages
  9. Flow Suppressed Messages



----------------
; Legal Notice ;
----------------
Copyright (C) 2020  Intel Corporation. All rights reserved.
Your use of Intel Corporation's design tools, logic functions 
and other software and tools, and any partner logic 
functions, and any output files from any of the foregoing 
(including device programming or simulation files), and any 
associated documentation or information are expressly subject 
to the terms and conditions of the Intel Program License 
Subscription Agreement, the Intel Quartus Prime License Agreement,
the Intel FPGA IP License Agreement, or other applicable license
agreement, including, without limitation, that your use is for
the sole purpose of programming logic devices manufactured by
Intel and sold by Intel or its authorized distributors.  Please
refer to the applicable agreement for further details, at
https://fpgasoftware.intel.com/eula.



+----------------------------------------------------------------------------------+
; Flow Summary                                                                     ;
+------------------------------------+---------------------------------------------+
; Flow Status                        ; Successful - Thu Oct 09 12:54:59 2025       ;
; Quartus Prime Version              ; 20.1.0 Build 711 06/05/2020 SJ Lite Edition ;
; Revision Name                      ; VGA                                         ;
; Top-level Entity Name              ; top_level                                   ;
; Family                             ; Cyclone IV E                                ;
; Device                             ; EP4CE115F29C7                               ;
; Timing Models                      ; Final                                       ;
; Total logic elements               ; 24,008 / 114,480 ( 21 % )                   ;
;     Total combinational functions  ; 21,790 / 114,480 ( 19 % )                   ;
;     Dedicated logic registers      ; 7,438 / 114,480 ( 6 % )                     ;
; Total registers                    ; 7438                                        ;
; Total pins                         ; 142 / 529 ( 27 % )                          ;
; Total virtual pins                 ; 0                                           ;
; Total memory bits                  ; 824,512 / 3,981,312 ( 21 % )                ;
; Embedded Multiplier 9-bit elements ; 234 / 532 ( 44 % )                          ;
; Total PLLs                         ; 3 / 4 ( 75 % )                              ;
+------------------------------------+---------------------------------------------+


+-----------------------------------------+
; Flow Settings                           ;
+-------------------+---------------------+
; Option            ; Setting             ;
+-------------------+---------------------+
; Start date & time ; 10/09/2025 12:50:43 ;
; Main task         ; Compilation         ;
; Revision Name     ; VGA                 ;
+-------------------+---------------------+


+--------------------------------------------------------------------------------------------------------------------------------------------+
; Flow Non-Default Global Settings                                                                                                           ;
+-----------------------------------------+-------------------------------------------------------+---------------+-------------+------------+
; Assignment Name                         ; Value                                                 ; Default Value ; Entity Name ; Section Id ;
+-----------------------------------------+-------------------------------------------------------+---------------+-------------+------------+
; ALM_REGISTER_PACKING_EFFORT             ; Low                                                   ; Medium        ; --          ; --         ;
; COMPILER_SIGNATURE_ID                   ; 1097698964352.175997464341852                         ; --            ; --          ; --         ;
; FITTER_EFFORT                           ; Fast Fit                                              ; Auto Fit      ; --          ; --         ;
; MAX_CORE_JUNCTION_TEMP                  ; 85                                                    ; --            ; --          ; --         ;
; MIN_CORE_JUNCTION_TEMP                  ; 0                                                     ; --            ; --          ; --         ;
; MISC_FILE                               ; vga/synthesis/../vga.cmp                              ; --            ; --          ; --         ;
; MISC_FILE                               ; vga/synthesis/../../vga.qsys                          ; --            ; --          ; --         ;
; NOMINAL_CORE_SUPPLY_VOLTAGE             ; 1.2V                                                  ; --            ; --          ; --         ;
; PARTITION_COLOR                         ; -- (Not supported for targeted family)                ; --            ; top_level   ; Top        ;
; PARTITION_FITTER_PRESERVATION_LEVEL     ; -- (Not supported for targeted family)                ; --            ; top_level   ; Top        ;
; PARTITION_NETLIST_TYPE                  ; -- (Not supported for targeted family)                ; --            ; top_level   ; Top        ;
; PHYSICAL_SYNTHESIS_EFFORT               ; Fast                                                  ; Normal        ; --          ; --         ;
; PHYSICAL_SYNTHESIS_REGISTER_DUPLICATION ; On                                                    ; Off           ; --          ; --         ;
; PHYSICAL_SYNTHESIS_REGISTER_RETIMING    ; On                                                    ; Off           ; --          ; --         ;
; PLACEMENT_EFFORT_MULTIPLIER             ; 0.5                                                   ; 1.0           ; --          ; --         ;
; POWER_BOARD_THERMAL_MODEL               ; None (CONSERVATIVE)                                   ; --            ; --          ; --         ;
; POWER_PRESET_COOLING_SOLUTION           ; 23 MM HEAT SINK WITH 200 LFPM AIRFLOW                 ; --            ; --          ; --         ;
; PROJECT_OUTPUT_DIRECTORY                ; output_files                                          ; --            ; --          ; --         ;
; ROUTER_TIMING_OPTIMIZATION_LEVEL        ; MINIMUM                                               ; Normal        ; --          ; --         ;
; SLD_FILE                                ; vga/synthesis/vga.debuginfo                           ; --            ; --          ; --         ;
; SLD_INFO                                ; QSYS_NAME vga HAS_SOPCINFO 1 GENERATION_ID 1759974634 ; --            ; vga         ; --         ;
; SOPCINFO_FILE                           ; vga/synthesis/../../vga.sopcinfo                      ; --            ; --          ; --         ;
; SYNTHESIS_ONLY_QIP                      ; On                                                    ; --            ; --          ; --         ;
; TOP_LEVEL_ENTITY                        ; top_level                                             ; VGA           ; --          ; --         ;
+-----------------------------------------+-------------------------------------------------------+---------------+-------------+------------+


+--------------------------------------------------------------------------------------------------------------------------+
; Flow Elapsed Time                                                                                                        ;
+----------------------+--------------+-------------------------+---------------------+------------------------------------+
; Module Name          ; Elapsed Time ; Average Processors Used ; Peak Virtual Memory ; Total CPU Time (on all processors) ;
+----------------------+--------------+-------------------------+---------------------+------------------------------------+
; Analysis & Synthesis ; 00:02:45     ; 1.0                     ; 5199 MB             ; 00:03:08                           ;
; Fitter               ; 00:01:19     ; 1.2                     ; 6054 MB             ; 00:02:17                           ;
; Assembler            ; 00:00:04     ; 1.0                     ; 4785 MB             ; 00:00:04                           ;
; Timing Analyzer      ; 00:00:14     ; 1.9                     ; 5164 MB             ; 00:00:20                           ;
; Total                ; 00:04:22     ; --                      ; --                  ; 00:05:49                           ;
+----------------------+--------------+-------------------------+---------------------+------------------------------------+


+------------------------------------------------------------------------------------+
; Flow OS Summary                                                                    ;
+----------------------+------------------+------------+------------+----------------+
; Module Name          ; Machine Hostname ; OS Name    ; OS Version ; Processor type ;
+----------------------+------------------+------------+------------+----------------+
; Analysis & Synthesis ; PBrown           ; Windows 10 ; 10.0       ; x86_64         ;
; Fitter               ; PBrown           ; Windows 10 ; 10.0       ; x86_64         ;
; Assembler            ; PBrown           ; Windows 10 ; 10.0       ; x86_64         ;
; Timing Analyzer      ; PBrown           ; Windows 10 ; 10.0       ; x86_64         ;
+----------------------+------------------+------------+------------+----------------+


------------
; Flow Log ;
------------
quartus_map --read_settings_files=on --write_settings_files=off VGA -c VGA
quartus_fit --read_settings_files=off --write_settings_files=off VGA -c VGA
quartus_asm --read_settings_files=off --write_settings_files=off VGA -c VGA
quartus_sta VGA -c VGA



